<?xml version="1.0" encoding="UTF-8"?>
<!-- Generated by org.testng.reporters.JUnitReportReporter -->
<testsuite hostname="BISTECNB101" failures="0" tests="1" name="EbayAutomation.podang" time="19.475" errors="0" timestamp="2023-05-25T23:10:57 IST" skipped="0">
  <testcase classname="EbayAutomation.podang" name="login" time="19.475"/>
  <system-out/>
</testsuite> <!-- EbayAutomation.podang -->
