<?xml version="1.0" encoding="UTF-8"?>
<!-- Generated by org.testng.reporters.JUnitReportReporter -->
<testsuite hostname="BISTECNB101" failures="0" tests="1" name="EbayAutomationTest.Login" time="41.133" errors="0" timestamp="2023-05-26T22:53:18 IST" skipped="0">
  <testcase classname="EbayAutomationTest.Login" name="login" time="41.133"/>
  <system-out/>
</testsuite> <!-- EbayAutomationTest.Login -->
